<?xml version="1.0" encoding="UTF-8"?>
<testng-results ignored="0" total="2" passed="2" failed="0" skipped="0">
  <reporter-output>
  </reporter-output>
  <suite started-at="2024-02-13T21:41:28 IST" name="Suite" finished-at="2024-02-13T21:41:35 IST" duration-ms="6810">
    <groups>
      <group name="sanity">
        <method signature="DependentTest.GoogleValidation()[pri:0, instance:TestNGPrograms.DependentTest@3d74bf60]" name="GoogleValidation" class="TestNGPrograms.DependentTest"/>
      </group> <!-- sanity -->
      <group name="e2e">
        <method signature="DependentTest.LaunchChrome()[pri:0, instance:TestNGPrograms.DependentTest@3d74bf60]" name="LaunchChrome" class="TestNGPrograms.DependentTest"/>
      </group> <!-- e2e -->
    </groups>
    <test started-at="2024-02-13T21:41:28 IST" name="Test" finished-at="2024-02-13T21:41:35 IST" duration-ms="6810">
      <class name="TestNGPrograms.DependentTest">
        <test-method signature="LaunchChrome()[pri:0, instance:TestNGPrograms.DependentTest@3d74bf60]" started-at="2024-02-13T21:41:28 IST" name="LaunchChrome" finished-at="2024-02-13T21:41:35 IST" duration-ms="6618" status="PASS">
          <reporter-output>
          </reporter-output>
        </test-method> <!-- LaunchChrome -->
        <test-method signature="GoogleValidation()[pri:0, instance:TestNGPrograms.DependentTest@3d74bf60]" started-at="2024-02-13T21:41:35 IST" name="GoogleValidation" depends-on-groups="e2e" finished-at="2024-02-13T21:41:35 IST" duration-ms="101" status="PASS">
          <reporter-output>
          </reporter-output>
        </test-method> <!-- GoogleValidation -->
      </class> <!-- TestNGPrograms.DependentTest -->
    </test> <!-- Test -->
  </suite> <!-- Suite -->
</testng-results>
